<?xml version="1.0" encoding="UTF-8"?>
<testsuite xmlns:xsi="http://www.w3.org/2001/XMLSchema-instance" xsi:noNamespaceSchemaLocation="https://maven.apache.org/surefire/maven-surefire-plugin/xsd/surefire-test-report.xsd" version="3.0.2" name="com.flavourflow.backend.BackendApplicationTests" time="7.923" tests="1" errors="0" skipped="0" failures="0">
  <properties>
[...]
</properties>
  <testcase name="contextLoads" classname="com.flavourflow.backend.BackendApplicationTests" time="1.61">
    <system-out><![CDATA[12:34:35.283 [main] INFO org.springframework.test.context.support.AnnotationConfigContextLoaderUtils -- Could not detect default configuration classes for test class [com.flavourflow.backend.BackendApplicationTests]: BackendApplicationTests does not declare any static, non-private, non-final, nested classes annotated with @Configuration.
12:34:35.543 [main] INFO org.springframework.boot.test.context.SpringBootTestContextBootstrapper -- Found @SpringBootConfiguration com.flavourflow.backend.BackendApplication for test class com.flavourflow.backend.BackendApplicationTests

  .   ____          _            __ _ _
 /\\ / ___'_ __ _ _(_)_ __  __ _ \ \ \ \
( ( )\___ | '_ | '_| | '_ \/ _` | \ \ \ \
 \\/  ___)| |_)| | | | | || (_| |  ) ) ) )
  '  |____| .__|_| |_|_| |_\__, | / / / /
 =========|_|==============|___/=/_/_/_/

 :: Spring Boot ::                (v3.4.4)

2025-04-21T12:34:36.374+05:30  INFO 24736 --- [backend] [           main] c.f.backend.BackendApplicationTests      : Starting BackendApplicationTests using Java 23.0.2 with PID 24736 (started by Anu in C:\Users\Anu\Desktop\Flavourflow\backend)
2025-04-21T12:34:36.377+05:30  INFO 24736 --- [backend] [           main] c.f.backend.BackendApplicationTests      : No active profile set, falling back to 1 default profile: "default"
2025-04-21T12:34:37.626+05:30  INFO 24736 --- [backend] [           main] .s.d.r.c.RepositoryConfigurationDelegate : Bootstrapping Spring Data MongoDB repositories in DEFAULT mode.
2025-04-21T12:34:37.733+05:30  INFO 24736 --- [backend] [           main] .s.d.r.c.RepositoryConfigurationDelegate : Finished Spring Data repository scanning in 98 ms. Found 4 MongoDB repository interfaces.
2025-04-21T12:34:38.679+05:30  INFO 24736 --- [backend] [           main] org.mongodb.driver.client                : MongoClient with metadata {"application": {"name": "Cluster0"}, "driver": {"name": "mongo-java-driver|sync|spring-boot", "version": "5.2.1"}, "os": {"type": "Windows", "name": "Windows 11", "architecture": "amd64", "version": "10.0"}, "platform": "Java/Oracle Corporation/23.0.2+7-58"} created with settings MongoClientSettings{readPreference=primary, writeConcern=WriteConcern{w=majority, wTimeout=null ms, journal=null}, retryWrites=true, retryReads=true, readConcern=ReadConcern{level=null}, credential=MongoCredential{mechanism=null, userName='kasupsamarasinghe', source='admin', password=<hidden>, mechanismProperties=<hidden>}, transportSettings=null, commandListeners=[], codecRegistry=ProvidersCodecRegistry{codecProviders=[ValueCodecProvider{}, BsonValueCodecProvider{}, DBRefCodecProvider{}, DBObjectCodecProvider{}, DocumentCodecProvider{}, CollectionCodecProvider{}, IterableCodecProvider{}, MapCodecProvider{}, GeoJsonCodecProvider{}, GridFSFileCodecProvider{}, Jsr310CodecProvider{}, JsonObjectCodecProvider{}, BsonCodecProvider{}, EnumCodecProvider{}, com.mongodb.client.model.mql.ExpressionCodecProvider@22d7fd41, com.mongodb.Jep395RecordCodecProvider@2c748a15, com.mongodb.KotlinCodecProvider@19fd43da]}, loggerSettings=LoggerSettings{maxDocumentLength=1000}, clusterSettings={hosts=[127.0.0.1:27017], srvHost=cluster0.hffilek.mongodb.net, srvServiceName=mongodb, mode=MULTIPLE, requiredClusterType=REPLICA_SET, requiredReplicaSetName='atlas-n7k6nu-shard-0', serverSelector='null', clusterListeners='[]', serverSelectionTimeout='30000 ms', localThreshold='15 ms'}, socketSettings=SocketSettings{connectTimeoutMS=10000, readTimeoutMS=0, receiveBufferSize=0, proxySettings=ProxySettings{host=null, port=null, username=null, password=null}}, heartbeatSocketSettings=SocketSettings{connectTimeoutMS=10000, readTimeoutMS=10000, receiveBufferSize=0, proxySettings=ProxySettings{host=null, port=null, username=null, password=null}}, connectionPoolSettings=ConnectionPoolSettings{maxSize=100, minSize=0, maxWaitTimeMS=120000, maxConnectionLifeTimeMS=0, maxConnectionIdleTimeMS=0, maintenanceInitialDelayMS=0, maintenanceFrequencyMS=60000, connectionPoolListeners=[], maxConnecting=2}, serverSettings=ServerSettings{heartbeatFrequencyMS=10000, minHeartbeatFrequencyMS=500, serverMonitoringMode=AUTO, serverListeners='[]', serverMonitorListeners='[]'}, sslSettings=SslSettings{enabled=true, invalidHostNameAllowed=false, context=null}, applicationName='Cluster0', compressorList=[], uuidRepresentation=JAVA_LEGACY, serverApi=null, autoEncryptionSettings=null, dnsClient=null, inetAddressResolver=null, contextProvider=null, timeoutMS=null}
2025-04-21T12:34:38.726+05:30  INFO 24736 --- [backend] [lek.mongodb.net] org.mongodb.driver.cluster               : Adding discovered server ac-rsqhp4x-shard-00-00.hffilek.mongodb.net:27017 to client view of cluster
2025-04-21T12:34:38.805+05:30  INFO 24736 --- [backend] [lek.mongodb.net] org.mongodb.driver.cluster               : Adding discovered server ac-rsqhp4x-shard-00-01.hffilek.mongodb.net:27017 to client view of cluster
2025-04-21T12:34:38.812+05:30  INFO 24736 --- [backend] [lek.mongodb.net] org.mongodb.driver.cluster               : Adding discovered server ac-rsqhp4x-shard-00-02.hffilek.mongodb.net:27017 to client view of cluster
2025-04-21T12:34:40.009+05:30  INFO 24736 --- [backend] [           main] r$InitializeUserDetailsManagerConfigurer : Global AuthenticationManager configured with UserDetailsService bean with name customUserDetailsService
2025-04-21T12:34:40.819+05:30  INFO 24736 --- [backend] [ngodb.net:27017] org.mongodb.driver.cluster               : Monitor thread successfully connected to server with description ServerDescription{address=ac-rsqhp4x-shard-00-02.hffilek.mongodb.net:27017, type=REPLICA_SET_SECONDARY, cryptd=false, state=CONNECTED, ok=true, minWireVersion=0, maxWireVersion=25, maxDocumentSize=16777216, logicalSessionTimeoutMinutes=30, roundTripTimeNanos=1155478300, minRoundTripTimeNanos=0, setName='atlas-n7k6nu-shard-0', canonicalAddress=ac-rsqhp4x-shard-00-02.hffilek.mongodb.net:27017, hosts=[ac-rsqhp4x-shard-00-01.hffilek.mongodb.net:27017, ac-rsqhp4x-shard-00-00.hffilek.mongodb.net:27017, ac-rsqhp4x-shard-00-02.hffilek.mongodb.net:27017], passives=[], arbiters=[], primary='ac-rsqhp4x-shard-00-01.hffilek.mongodb.net:27017', tagSet=TagSet{[Tag{name='availabilityZone', value='use1-az1'}, Tag{name='diskState', value='READY'}, Tag{name='nodeType', value='ELECTABLE'}, Tag{name='provider', value='AWS'}, Tag{name='region', value='US_EAST_1'}, Tag{name='workloadType', value='OPERATIONAL'}]}, electionId=null, setVersion=204, topologyVersion=TopologyVersion{processId=68013526cdc4a489cd36bbf4, counter=3}, lastWriteDate=Mon Apr 21 12:34:41 IST 2025, lastUpdateTimeNanos=82067539184100}
2025-04-21T12:34:40.819+05:30  INFO 24736 --- [backend] [ngodb.net:27017] org.mongodb.driver.cluster               : Monitor thread successfully connected to server with description ServerDescription{address=ac-rsqhp4x-shard-00-00.hffilek.mongodb.net:27017, type=REPLICA_SET_SECONDARY, cryptd=false, state=CONNECTED, ok=true, minWireVersion=0, maxWireVersion=25, maxDocumentSize=16777216, logicalSessionTimeoutMinutes=30, roundTripTimeNanos=1148978100, minRoundTripTimeNanos=0, setName='atlas-n7k6nu-shard-0', canonicalAddress=ac-rsqhp4x-shard-00-00.hffilek.mongodb.net:27017, hosts=[ac-rsqhp4x-shard-00-01.hffilek.mongodb.net:27017, ac-rsqhp4x-shard-00-00.hffilek.mongodb.net:27017, ac-rsqhp4x-shard-00-02.hffilek.mongodb.net:27017], passives=[], arbiters=[], primary='ac-rsqhp4x-shard-00-01.hffilek.mongodb.net:27017', tagSet=TagSet{[Tag{name='availabilityZone', value='use1-az4'}, Tag{name='diskState', value='READY'}, Tag{name='nodeType', value='ELECTABLE'}, Tag{name='provider', value='AWS'}, Tag{name='region', value='US_EAST_1'}, Tag{name='workloadType', value='OPERATIONAL'}]}, electionId=null, setVersion=204, topologyVersion=TopologyVersion{processId=6801348ec93f4d1be5ec4dd4, counter=4}, lastWriteDate=Mon Apr 21 12:34:41 IST 2025, lastUpdateTimeNanos=82067539183900}
2025-04-21T12:34:40.819+05:30  INFO 24736 --- [backend] [ngodb.net:27017] org.mongodb.driver.cluster               : Monitor thread successfully connected to server with description ServerDescription{address=ac-rsqhp4x-shard-00-01.hffilek.mongodb.net:27017, type=REPLICA_SET_PRIMARY, cryptd=false, state=CONNECTED, ok=true, minWireVersion=0, maxWireVersion=25, maxDocumentSize=16777216, logicalSessionTimeoutMinutes=30, roundTripTimeNanos=1145029400, minRoundTripTimeNanos=0, setName='atlas-n7k6nu-shard-0', canonicalAddress=ac-rsqhp4x-shard-00-01.hffilek.mongodb.net:27017, hosts=[ac-rsqhp4x-shard-00-01.hffilek.mongodb.net:27017, ac-rsqhp4x-shard-00-00.hffilek.mongodb.net:27017, ac-rsqhp4x-shard-00-02.hffilek.mongodb.net:27017], passives=[], arbiters=[], primary='ac-rsqhp4x-shard-00-01.hffilek.mongodb.net:27017', tagSet=TagSet{[Tag{name='availabilityZone', value='use1-az6'}, Tag{name='diskState', value='READY'}, Tag{name='nodeType', value='ELECTABLE'}, Tag{name='provider', value='AWS'}, Tag{name='region', value='US_EAST_1'}, Tag{name='workloadType', value='OPERATIONAL'}]}, electionId=7fffffff00000000000001a7, setVersion=204, topologyVersion=TopologyVersion{processId=680134db7d01a13fbbd05038, counter=6}, lastWriteDate=Mon Apr 21 12:34:41 IST 2025, lastUpdateTimeNanos=82067539520600}
2025-04-21T12:34:40.829+05:30  INFO 24736 --- [backend] [ngodb.net:27017] org.mongodb.driver.cluster               : Discovered replica set primary ac-rsqhp4x-shard-00-01.hffilek.mongodb.net:27017 with max election id 7fffffff00000000000001a7 and max set version 204
2025-04-21T12:34:41.347+05:30  INFO 24736 --- [backend] [           main] c.f.backend.BackendApplicationTests      : Started BackendApplicationTests in 5.546 seconds (process running for 7.192)
]]></system-out>
    <system-err><![CDATA[Mockito is currently self-attaching to enable the inline-mock-maker. This will no longer work in future releases of the JDK. Please add Mockito as an agent to your build what is described in Mockito's documentation: https://javadoc.io/doc/org.mockito/mockito-core/latest/org/mockito/Mockito.html#0.3
WARNING: A Java agent has been loaded dynamically (C:\Users\Anu\.m2\repository\net\bytebuddy\byte-buddy-agent\1.15.11\byte-buddy-agent-1.15.11.jar)
WARNING: If a serviceability tool is in use, please run with -XX:+EnableDynamicAgentLoading to hide this warning
WARNING: If a serviceability tool is not in use, please run with -Djdk.instrument.traceUsage for more information
WARNING: Dynamic loading of agents will be disallowed by default in a future release
]]></system-err>
  </testcase>
</testsuite>